<?xml version="1.0" encoding="UTF-8"?>
<!-- Generated by org.testng.reporters.JUnitXMLReporter -->
<testsuite hostname="DESKTOP-ULPCAVV" name="Surefire test" tests="2" failures="1" timestamp="6 Mar 2017 17:14:21 GMT" time="0.025" errors="0">
  <testcase name="callLogin" time="0.0080" classname="com.mouniqa.testng.test.TestNgMavenExampleTest">
    <failure type="java.lang.UnsupportedClassVersionError" message="org/openqa/selenium/WebDriver : Unsupported major.minor version 51.0">
      <![CDATA[java.lang.UnsupportedClassVersionError: org/openqa/selenium/WebDriver : Unsupported major.minor version 51.0
	at java.lang.ClassLoader.defineClass1(Native Method)
	at java.lang.ClassLoader.defineClassCond(ClassLoader.java:631)
	at java.lang.ClassLoader.defineClass(ClassLoader.java:615)
	at java.security.SecureClassLoader.defineClass(SecureClassLoader.java:141)
	at java.net.URLClassLoader.defineClass(URLClassLoader.java:283)
	at java.net.URLClassLoader.access$000(URLClassLoader.java:58)
	at java.net.URLClassLoader$1.run(URLClassLoader.java:197)
	at java.security.AccessController.doPrivileged(Native Method)
	at java.net.URLClassLoader.findClass(URLClassLoader.java:190)
	at java.lang.ClassLoader.loadClass(ClassLoader.java:306)
	at sun.misc.Launcher$AppClassLoader.loadClass(Launcher.java:301)
	at java.lang.ClassLoader.loadClass(ClassLoader.java:247)
	at com.mouniqa.testng.test.TestNgMavenExampleTest.callLogin(TestNgMavenExampleTest.java:19)
... Removed 28 stack frames]]>
    </failure>
  </testcase> <!-- callLogin -->
  <testcase name="exampleOfTestNgMaven" time="0.0" classname="com.mouniqa.testng.test.TestNgMavenExampleTest"/>
</testsuite> <!-- Surefire test -->
