<?xml version="1.0" encoding="UTF-8"?>
<!-- Generated by org.testng.reporters.JUnitXMLReporter -->
<testsuite hostname="DESKTOP-ULPCAVV" name="Command line test" tests="2" failures="0" timestamp="6 Mar 2017 15:42:34 GMT" time="18.526" errors="0">
  <testcase name="callLogin" time="18.51" classname="com.mouniqa.testng.test.TestNgMavenExampleTest"/>
  <testcase name="exampleOfTestNgMaven" time="0.0" classname="com.mouniqa.testng.test.TestNgMavenExampleTest"/>
</testsuite> <!-- Command line test -->
