<?xml version="1.0" encoding="UTF-8"?>
<testng-results skipped="0" failed="0" total="2" passed="2">
  <reporter-output>
  </reporter-output>
  <suite name="com.mouniqa.testng.test.TestNgMavenExampleTest" duration-ms="18526" started-at="2017-03-06T15:42:15Z" finished-at="2017-03-06T15:42:34Z">
    <groups>
    </groups>
    <test name="Command line test" duration-ms="18526" started-at="2017-03-06T15:42:15Z" finished-at="2017-03-06T15:42:34Z">
      <class name="com.mouniqa.testng.test.TestNgMavenExampleTest">
        <test-method status="PASS" signature="callLogin()[pri:0, instance:com.mouniqa.testng.test.TestNgMavenExampleTest@dfd3711]" name="callLogin" duration-ms="18510" started-at="2017-03-06T21:12:15Z" finished-at="2017-03-06T21:12:34Z">
          <reporter-output>
          </reporter-output>
        </test-method> <!-- callLogin -->
        <test-method status="PASS" signature="exampleOfTestNgMaven()[pri:0, instance:com.mouniqa.testng.test.TestNgMavenExampleTest@dfd3711]" name="exampleOfTestNgMaven" duration-ms="0" started-at="2017-03-06T21:12:34Z" finished-at="2017-03-06T21:12:34Z">
          <reporter-output>
          </reporter-output>
        </test-method> <!-- exampleOfTestNgMaven -->
      </class> <!-- com.mouniqa.testng.test.TestNgMavenExampleTest -->
    </test> <!-- Command line test -->
  </suite> <!-- com.mouniqa.testng.test.TestNgMavenExampleTest -->
</testng-results>
