<?xml version="1.0" encoding="UTF-8" ?>
<testsuite failures="1" time="0.39" errors="0" skipped="0" tests="2" name="com.mouniqa.testng.test.TestNgMavenExampleTest">
  <properties>
[...]
</properties>
  <testcase time="0.009" classname="com.mouniqa.testng.test.TestNgMavenExampleTest" name="callLogin">
    <failure message="org/openqa/selenium/WebDriver : Unsupported major.minor version 51.0" type="java.lang.UnsupportedClassVersionError">java.lang.UnsupportedClassVersionError: org/openqa/selenium/WebDriver : Unsupported major.minor version 51.0
	at java.lang.ClassLoader.defineClass1(Native Method)
	at java.lang.ClassLoader.defineClassCond(ClassLoader.java:631)
	at java.lang.ClassLoader.defineClass(ClassLoader.java:615)
	at java.security.SecureClassLoader.defineClass(SecureClassLoader.java:141)
	at java.net.URLClassLoader.defineClass(URLClassLoader.java:283)
	at java.net.URLClassLoader.access$000(URLClassLoader.java:58)
	at java.net.URLClassLoader$1.run(URLClassLoader.java:197)
	at java.security.AccessController.doPrivileged(Native Method)
	at java.net.URLClassLoader.findClass(URLClassLoader.java:190)
	at java.lang.ClassLoader.loadClass(ClassLoader.java:306)
	at sun.misc.Launcher$AppClassLoader.loadClass(Launcher.java:301)
	at java.lang.ClassLoader.loadClass(ClassLoader.java:247)
	at com.mouniqa.testng.test.TestNgMavenExampleTest.callLogin(TestNgMavenExampleTest.java:19)
</failure>
    <system-out>Before Login
</system-out>
  </testcase>
  <testcase time="0.003" classname="com.mouniqa.testng.test.TestNgMavenExampleTest" name="exampleOfTestNgMaven"/>
</testsuite>