<?xml version="1.0" encoding="UTF-8"?>
<!-- Generated by org.testng.reporters.JUnitXMLReporter -->
<testsuite hostname="DESKTOP-ULPCAVV" name="Default test" tests="4" failures="0" timestamp="6 Mar 2017 14:57:06 GMT" time="0.035" errors="0">
  <testcase name="aaexampleOfTestNgMaven2" time="0.011" classname="com.mouniqa.testng.test.TestNgMavenExampleTest"/>
  <testcase name="exampleOfTestNgMaven" time="0.001" classname="com.mouniqa.testng.test.TestNgMavenExampleTest"/>
  <testcase name="exampleOfTestNgMaven3" time="0.001" classname="com.mouniqa.testng.test.TestNgMavenExampleTest"/>
  <testcase name="exampleOfTestNgMaven4" time="0.001" classname="com.mouniqa.testng.test.TestNgMavenExampleTest"/>
</testsuite> <!-- Default test -->
